<?xml version="1.0" encoding="UTF-8"?>
<!-- Generated by org.testng.reporters.JUnitReportReporter -->
<testsuite hostname="DESKTOP-0BA143H" failures="0" tests="1" name="com.openCart.testBase.TestBase" time="4.565" errors="0" timestamp="2023-02-21T13:34:38 IST" skipped="0">
  <testcase classname="com.openCart.testBase.TestBase" name="setup" time="4.565"/>
  <system-out/>
</testsuite> <!-- com.openCart.testBase.TestBase -->
